<?xml version="1.0" encoding="UTF-8"?>
<!-- Generated by org.testng.reporters.JUnitReportReporter -->
<testsuite hostname="User-PC" name="com.example.tests.GroupCreation" tests="1" failures="0" timestamp="9 Mar 2014 09:30:04 GMT" time="4.144" errors="0">
  <testcase name="testGroupCreation" time="4.144" classname="com.example.tests.GroupCreation"/>
</testsuite> <!-- com.example.tests.GroupCreation -->
