<?xml version="1.0" encoding="UTF-8"?>
<!-- Generated by org.testng.reporters.JUnitReportReporter -->
<testsuite hostname="User-PC" name="com.example.tests.GroupCreationValid" tests="5" failures="0" timestamp="23 Apr 2014 20:16:49 GMT" time="9.038" errors="0">
  <testcase name="testGroupCreation" time="1.452" classname="com.example.tests.GroupCreationValid"/>
  <testcase name="testGroupCreation" time="1.745" classname="com.example.tests.GroupCreationValid"/>
  <testcase name="testGroupCreation" time="1.679" classname="com.example.tests.GroupCreationValid"/>
  <testcase name="testGroupCreation" time="2.005" classname="com.example.tests.GroupCreationValid"/>
  <testcase name="testGroupCreation" time="2.157" classname="com.example.tests.GroupCreationValid"/>
</testsuite> <!-- com.example.tests.GroupCreationValid -->
