<?xml version="1.0" encoding="UTF-8"?>
<!-- Generated by org.testng.reporters.JUnitReportReporter -->
<testsuite hostname="User-PC" name="com.example.tests.ContactCreationValid" tests="5" failures="0" timestamp="15 Mar 2014 13:27:54 GMT" time="31.728" errors="0">
  <testcase name="testContactCreation" time="5.641" classname="com.example.tests.ContactCreationValid"/>
  <testcase name="testContactCreation" time="5.270" classname="com.example.tests.ContactCreationValid"/>
  <testcase name="testContactCreation" time="7.602" classname="com.example.tests.ContactCreationValid"/>
  <testcase name="testContactCreation" time="5.566" classname="com.example.tests.ContactCreationValid"/>
  <testcase name="testContactCreation" time="7.649" classname="com.example.tests.ContactCreationValid"/>
</testsuite> <!-- com.example.tests.ContactCreationValid -->
