<?xml version="1.0" encoding="UTF-8"?>
<!-- Generated by org.testng.reporters.JUnitReportReporter -->
<testsuite hostname="User-PC" name="com.example.tests.ContactCreationValid" tests="5" failures="0" timestamp="25 Mar 2014 19:18:01 GMT" time="53.511" errors="0">
  <testcase name="testContactCreation" time="10.265" classname="com.example.tests.ContactCreationValid"/>
  <testcase name="testContactCreation" time="12.778" classname="com.example.tests.ContactCreationValid"/>
  <testcase name="testContactCreation" time="10.249" classname="com.example.tests.ContactCreationValid"/>
  <testcase name="testContactCreation" time="10.344" classname="com.example.tests.ContactCreationValid"/>
  <testcase name="testContactCreation" time="9.875" classname="com.example.tests.ContactCreationValid"/>
</testsuite> <!-- com.example.tests.ContactCreationValid -->
