<?xml version="1.0" encoding="UTF-8"?>
<!-- Generated by org.testng.reporters.JUnitReportReporter -->
<testsuite hostname="User-PC" name="com.example.tests.ContactCreationValid" tests="3" failures="0" timestamp="3 Apr 2014 12:51:47 GMT" time="24.290" errors="0">
  <testcase name="testContactCreation" time="11.342" classname="com.example.tests.ContactCreationValid"/>
  <testcase name="testContactCreation" time="6.396" classname="com.example.tests.ContactCreationValid"/>
  <testcase name="testContactCreation" time="6.552" classname="com.example.tests.ContactCreationValid"/>
</testsuite> <!-- com.example.tests.ContactCreationValid -->
