<?xml version="1.0" encoding="UTF-8"?>
<!-- Generated by org.testng.reporters.JUnitReportReporter -->
<testsuite hostname="User-PC" name="com.example.tests.ContactCreation" tests="1" failures="0" timestamp="15 Mar 2014 11:44:19 GMT" time="6.495" errors="0">
  <testcase name="testContactCreation" time="6.495" classname="com.example.tests.ContactCreation"/>
</testsuite> <!-- com.example.tests.ContactCreation -->
