<?xml version="1.0" encoding="UTF-8"?>
<!-- Generated by org.testng.reporters.JUnitReportReporter -->
<testsuite hostname="User-PC" name="com.example.tests.GroupModification" tests="5" failures="0" timestamp="23 Apr 2014 20:16:49 GMT" time="11.647" errors="0">
  <testcase name="modifySomeGroup" time="2.696" classname="com.example.tests.GroupModification"/>
  <testcase name="modifySomeGroup" time="2.228" classname="com.example.tests.GroupModification"/>
  <testcase name="modifySomeGroup" time="2.150" classname="com.example.tests.GroupModification"/>
  <testcase name="modifySomeGroup" time="2.211" classname="com.example.tests.GroupModification"/>
  <testcase name="modifySomeGroup" time="2.362" classname="com.example.tests.GroupModification"/>
</testsuite> <!-- com.example.tests.GroupModification -->
