<?xml version="1.0" encoding="UTF-8"?>
<!-- Generated by org.testng.reporters.JUnitReportReporter -->
<testsuite hostname="User-PC" name="com.example.tests.ContactCreation" tests="5" failures="0" timestamp="15 Mar 2014 13:19:41 GMT" time="30.694" errors="0">
  <testcase name="testContactCreation" time="6.728" classname="com.example.tests.ContactCreation"/>
  <testcase name="testContactCreation" time="5.137" classname="com.example.tests.ContactCreation"/>
  <testcase name="testContactCreation" time="5.287" classname="com.example.tests.ContactCreation"/>
  <testcase name="testContactCreation" time="6.118" classname="com.example.tests.ContactCreation"/>
  <testcase name="testContactCreation" time="7.424" classname="com.example.tests.ContactCreation"/>
</testsuite> <!-- com.example.tests.ContactCreation -->
