<?xml version="1.0" encoding="UTF-8"?>
<!-- Generated by org.testng.reporters.JUnitReportReporter -->
<testsuite hostname="User-PC" name="com.example.tests.GroupCreation" tests="1" failures="0" timestamp="15 Mar 2014 11:44:19 GMT" time="2.905" errors="0">
  <testcase name="testGroupCreation" time="2.905" classname="com.example.tests.GroupCreation"/>
</testsuite> <!-- com.example.tests.GroupCreation -->
