<?xml version="1.0" encoding="UTF-8"?>
<!-- Generated by org.testng.reporters.JUnitReportReporter -->
<testsuite hostname="User-PC" name="com.example.tests.GroupCreationValid" tests="5" failures="0" timestamp="4 Apr 2014 06:53:03 GMT" time="47.348" errors="0">
  <testcase name="testGroupCreation" time="2.761" classname="com.example.tests.GroupCreationValid"/>
  <testcase name="testGroupCreation" time="36.069" classname="com.example.tests.GroupCreationValid"/>
  <testcase name="testGroupCreation" time="2.715" classname="com.example.tests.GroupCreationValid"/>
  <testcase name="testGroupCreation" time="3.073" classname="com.example.tests.GroupCreationValid"/>
  <testcase name="testGroupCreation" time="2.730" classname="com.example.tests.GroupCreationValid"/>
</testsuite> <!-- com.example.tests.GroupCreationValid -->
