<?xml version="1.0" encoding="UTF-8"?>
<!-- Generated by org.testng.reporters.JUnitReportReporter -->
<testsuite hostname="User-PC" name="com.example.tests.ContactModification" tests="1" failures="0" timestamp="15 Mar 2014 11:44:19 GMT" time="4.920" errors="0">
  <testcase name="modifySomeContact" time="4.920" classname="com.example.tests.ContactModification"/>
</testsuite> <!-- com.example.tests.ContactModification -->
