<?xml version="1.0" encoding="UTF-8"?>
<!-- Generated by org.testng.reporters.JUnitReportReporter -->
<testsuite hostname="User-PC" name="com.example.tests.GroupCreationTests" tests="2" failures="0" timestamp="2 Mar 2014 09:17:33 GMT" time="5.957" errors="0">
  <testcase name="testEmptyGroupCreation" time="3.307" classname="com.example.tests.GroupCreationTests"/>
  <testcase name="testGroupCreation" time="2.650" classname="com.example.tests.GroupCreationTests"/>
</testsuite> <!-- com.example.tests.GroupCreationTests -->
