<?xml version="1.0" encoding="UTF-8"?>
<!-- Generated by org.testng.reporters.JUnitReportReporter -->
<testsuite hostname="User-PC" name="com.example.tests.EmptyGroupCreation" tests="1" failures="0" timestamp="2 Mar 2014 09:23:35 GMT" time="2.365" errors="0">
  <testcase name="testEmptyGroupCreation" time="2.365" classname="com.example.tests.EmptyGroupCreation"/>
</testsuite> <!-- com.example.tests.EmptyGroupCreation -->
