<?xml version="1.0" encoding="UTF-8"?>
<!-- Generated by org.testng.reporters.JUnitReportReporter -->
<testsuite hostname="User-PC" name="com.example.tests.ContactModification" tests="5" failures="0" timestamp="15 Mar 2014 13:27:54 GMT" time="25.749" errors="0">
  <testcase name="modifySomeContact" time="5.422" classname="com.example.tests.ContactModification"/>
  <testcase name="modifySomeContact" time="4.395" classname="com.example.tests.ContactModification"/>
  <testcase name="modifySomeContact" time="5.871" classname="com.example.tests.ContactModification"/>
  <testcase name="modifySomeContact" time="5.620" classname="com.example.tests.ContactModification"/>
  <testcase name="modifySomeContact" time="4.441" classname="com.example.tests.ContactModification"/>
</testsuite> <!-- com.example.tests.ContactModification -->
