<?xml version="1.0" encoding="UTF-8"?>
<!-- Generated by org.testng.reporters.JUnitReportReporter -->
<testsuite hostname="User-PC" name="com.example.tests.EmptyContactCreation" tests="1" failures="0" timestamp="15 Mar 2014 11:44:19 GMT" time="4.367" errors="0">
  <testcase name="testContactCreation" time="4.367" classname="com.example.tests.EmptyContactCreation"/>
</testsuite> <!-- com.example.tests.EmptyContactCreation -->
