<?xml version="1.0" encoding="UTF-8"?>
<!-- Generated by org.testng.reporters.JUnitReportReporter -->
<testsuite hostname="User-PC" name="com.example.tests.GroupModification" tests="5" failures="0" timestamp="25 Mar 2014 07:43:20 GMT" time="25.459" errors="0">
  <testcase name="modifySomeGroup" time="4.259" classname="com.example.tests.GroupModification"/>
  <testcase name="modifySomeGroup" time="4.368" classname="com.example.tests.GroupModification"/>
  <testcase name="modifySomeGroup" time="5.944" classname="com.example.tests.GroupModification"/>
  <testcase name="modifySomeGroup" time="5.319" classname="com.example.tests.GroupModification"/>
  <testcase name="modifySomeGroup" time="5.569" classname="com.example.tests.GroupModification"/>
</testsuite> <!-- com.example.tests.GroupModification -->
