<?xml version="1.0" encoding="UTF-8"?>
<!-- Generated by org.testng.reporters.JUnitReportReporter -->
<testsuite hostname="User-PC" name="com.example.tests.ContactCreationValid" tests="3" failures="0" timestamp="29 Mar 2014 12:22:53 GMT" time="23.417" errors="0">
  <testcase name="testContactCreation" time="6.740" classname="com.example.tests.ContactCreationValid"/>
  <testcase name="testContactCreation" time="6.991" classname="com.example.tests.ContactCreationValid"/>
  <testcase name="testContactCreation" time="9.686" classname="com.example.tests.ContactCreationValid"/>
</testsuite> <!-- com.example.tests.ContactCreationValid -->
