<?xml version="1.0" encoding="UTF-8"?>
<!-- Generated by org.testng.reporters.JUnitReportReporter -->
<testsuite hostname="User-PC" name="com.example.tests.EmptyGroupCreation" tests="1" failures="0" timestamp="2 Mar 2014 11:11:36 GMT" time="2.410" errors="0">
  <testcase name="testEmptyGroupCreation" time="2.410" classname="com.example.tests.EmptyGroupCreation"/>
</testsuite> <!-- com.example.tests.EmptyGroupCreation -->
