<?xml version="1.0" encoding="UTF-8"?>
<!-- Generated by org.testng.reporters.JUnitReportReporter -->
<testsuite hostname="User-PC" name="com.example.tests.ContactRemoval" tests="1" failures="0" timestamp="15 Mar 2014 13:27:54 GMT" time="2.853" errors="0">
  <testcase name="deleteSomeContact" time="2.853" classname="com.example.tests.ContactRemoval"/>
</testsuite> <!-- com.example.tests.ContactRemoval -->
