<?xml version="1.0" encoding="UTF-8"?>
<!-- Generated by org.testng.reporters.JUnitReportReporter -->
<testsuite hostname="User-PC" name="com.example.tests.GroupCreationValid" tests="5" failures="0" timestamp="25 Mar 2014 07:43:20 GMT" time="17.847" errors="0">
  <testcase name="testGroupCreation" time="4.009" classname="com.example.tests.GroupCreationValid"/>
  <testcase name="testGroupCreation" time="3.308" classname="com.example.tests.GroupCreationValid"/>
  <testcase name="testGroupCreation" time="3.526" classname="com.example.tests.GroupCreationValid"/>
  <testcase name="testGroupCreation" time="3.338" classname="com.example.tests.GroupCreationValid"/>
  <testcase name="testGroupCreation" time="3.666" classname="com.example.tests.GroupCreationValid"/>
</testsuite> <!-- com.example.tests.GroupCreationValid -->
