<?xml version="1.0" encoding="UTF-8"?>
<!-- Generated by org.testng.reporters.JUnitReportReporter -->
<testsuite hostname="User-PC" name="com.example.tests.GroupRemoval" tests="1" failures="0" timestamp="29 Mar 2014 12:22:53 GMT" time="2.311" errors="0">
  <testcase name="deleteSomeGroup" time="2.311" classname="com.example.tests.GroupRemoval"/>
</testsuite> <!-- com.example.tests.GroupRemoval -->
