<?xml version="1.0" encoding="UTF-8"?>
<!-- Generated by org.testng.reporters.JUnitReportReporter -->
<testsuite hostname="User-PC" name="com.example.tests.ContactRemoval" tests="1" failures="0" timestamp="29 Mar 2014 12:22:53 GMT" time="3.697" errors="0">
  <testcase name="deleteSomeContact" time="3.697" classname="com.example.tests.ContactRemoval"/>
</testsuite> <!-- com.example.tests.ContactRemoval -->
