<?xml version="1.0" encoding="UTF-8"?>
<!-- Generated by org.testng.reporters.JUnitReportReporter -->
<testsuite hostname="User-PC" name="com.example.tests.GroupModification" tests="5" failures="0" timestamp="15 Mar 2014 13:27:54 GMT" time="14.585" errors="0">
  <testcase name="modifySomeGroup" time="3.169" classname="com.example.tests.GroupModification"/>
  <testcase name="modifySomeGroup" time="2.641" classname="com.example.tests.GroupModification"/>
  <testcase name="modifySomeGroup" time="2.901" classname="com.example.tests.GroupModification"/>
  <testcase name="modifySomeGroup" time="2.718" classname="com.example.tests.GroupModification"/>
  <testcase name="modifySomeGroup" time="3.156" classname="com.example.tests.GroupModification"/>
</testsuite> <!-- com.example.tests.GroupModification -->
