<?xml version="1.0" encoding="UTF-8"?>
<!-- Generated by org.testng.reporters.JUnitReportReporter -->
<testsuite hostname="User-PC" name="com.example.tests.GroupModification" tests="5" failures="0" timestamp="29 Mar 2014 12:22:53 GMT" time="13.728" errors="0">
  <testcase name="modifySomeGroup" time="2.821" classname="com.example.tests.GroupModification"/>
  <testcase name="modifySomeGroup" time="2.853" classname="com.example.tests.GroupModification"/>
  <testcase name="modifySomeGroup" time="2.495" classname="com.example.tests.GroupModification"/>
  <testcase name="modifySomeGroup" time="2.662" classname="com.example.tests.GroupModification"/>
  <testcase name="modifySomeGroup" time="2.897" classname="com.example.tests.GroupModification"/>
</testsuite> <!-- com.example.tests.GroupModification -->
