<?xml version="1.0" encoding="UTF-8"?>
<!-- Generated by org.testng.reporters.JUnitReportReporter -->
<testsuite hostname="User-PC" name="com.example.tests.ContactModification" tests="5" failures="0" timestamp="25 Mar 2014 07:53:08 GMT" time="33.212" errors="0">
  <testcase name="modifySomeContact" time="6.677" classname="com.example.tests.ContactModification"/>
  <testcase name="modifySomeContact" time="6.286" classname="com.example.tests.ContactModification"/>
  <testcase name="modifySomeContact" time="6.474" classname="com.example.tests.ContactModification"/>
  <testcase name="modifySomeContact" time="7.145" classname="com.example.tests.ContactModification"/>
  <testcase name="modifySomeContact" time="6.630" classname="com.example.tests.ContactModification"/>
</testsuite> <!-- com.example.tests.ContactModification -->
