<?xml version="1.0" encoding="UTF-8"?>
<!-- Generated by org.testng.reporters.JUnitReportReporter -->
<testsuite hostname="User-PC" name="com.example.tests.GroupRemoval" tests="1" failures="0" timestamp="23 Apr 2014 20:16:49 GMT" time="45.119" errors="0">
  <testcase name="deleteSomeGroup" time="45.119" classname="com.example.tests.GroupRemoval"/>
</testsuite> <!-- com.example.tests.GroupRemoval -->
