<?xml version="1.0" encoding="UTF-8"?>
<!-- Generated by org.testng.reporters.JUnitReportReporter -->
<testsuite hostname="User-PC" name="com.example.tests.GroupModification" tests="1" failures="0" timestamp="15 Mar 2014 11:44:19 GMT" time="3.335" errors="0">
  <testcase name="modifySomeGroup" time="3.335" classname="com.example.tests.GroupModification"/>
</testsuite> <!-- com.example.tests.GroupModification -->
