<?xml version="1.0" encoding="UTF-8"?>
<!-- Generated by org.testng.reporters.JUnitReportReporter -->
<testsuite hostname="User-PC" name="com.example.tests.ContactRemoval" tests="1" failures="0" timestamp="23 Apr 2014 20:02:29 GMT" time="1.430" errors="0">
  <testcase name="deleteSomeContact" time="1.430" classname="com.example.tests.ContactRemoval"/>
</testsuite> <!-- com.example.tests.ContactRemoval -->
