<?xml version="1.0" encoding="UTF-8"?>
<!-- Generated by org.testng.reporters.JUnitReportReporter -->
<testsuite hostname="User-PC" name="com.example.tests.ContactModification" tests="5" failures="0" timestamp="29 Mar 2014 12:22:53 GMT" time="29.554" errors="0">
  <testcase name="modifySomeContact" time="5.822" classname="com.example.tests.ContactModification"/>
  <testcase name="modifySomeContact" time="5.366" classname="com.example.tests.ContactModification"/>
  <testcase name="modifySomeContact" time="6.193" classname="com.example.tests.ContactModification"/>
  <testcase name="modifySomeContact" time="6.124" classname="com.example.tests.ContactModification"/>
  <testcase name="modifySomeContact" time="6.049" classname="com.example.tests.ContactModification"/>
</testsuite> <!-- com.example.tests.ContactModification -->
