<?xml version="1.0" encoding="UTF-8"?>
<!-- Generated by org.testng.reporters.JUnitReportReporter -->
<testsuite hostname="User-PC" name="com.example.tests.ContactModification" tests="5" failures="0" timestamp="23 Apr 2014 20:02:29 GMT" time="16.613" errors="0">
  <testcase name="modifySomeContact" time="3.378" classname="com.example.tests.ContactModification"/>
  <testcase name="modifySomeContact" time="3.115" classname="com.example.tests.ContactModification"/>
  <testcase name="modifySomeContact" time="3.190" classname="com.example.tests.ContactModification"/>
  <testcase name="modifySomeContact" time="3.441" classname="com.example.tests.ContactModification"/>
  <testcase name="modifySomeContact" time="3.489" classname="com.example.tests.ContactModification"/>
</testsuite> <!-- com.example.tests.ContactModification -->
