<?xml version="1.0" encoding="UTF-8"?>
<!-- Generated by org.testng.reporters.JUnitReportReporter -->
<testsuite hostname="User-PC" name="com.example.tests.GroupCreationValid" tests="5" failures="0" timestamp="29 Mar 2014 12:22:53 GMT" time="44.928" errors="0">
  <testcase name="testGroupCreation" time="2.476" classname="com.example.tests.GroupCreationValid"/>
  <testcase name="testGroupCreation" time="2.791" classname="com.example.tests.GroupCreationValid"/>
  <testcase name="testGroupCreation" time="2.882" classname="com.example.tests.GroupCreationValid"/>
  <testcase name="testGroupCreation" time="34.112" classname="com.example.tests.GroupCreationValid"/>
  <testcase name="testGroupCreation" time="2.667" classname="com.example.tests.GroupCreationValid"/>
</testsuite> <!-- com.example.tests.GroupCreationValid -->
