<?xml version="1.0" encoding="UTF-8"?>
<!-- Generated by org.testng.reporters.JUnitReportReporter -->
<testsuite hostname="User-PC" name="com.example.tests.GroupCreationValid" tests="5" failures="0" timestamp="15 Mar 2014 13:27:54 GMT" time="17.086" errors="0">
  <testcase name="testGroupCreation" time="3.691" classname="com.example.tests.GroupCreationValid"/>
  <testcase name="testGroupCreation" time="2.936" classname="com.example.tests.GroupCreationValid"/>
  <testcase name="testGroupCreation" time="3.551" classname="com.example.tests.GroupCreationValid"/>
  <testcase name="testGroupCreation" time="3.341" classname="com.example.tests.GroupCreationValid"/>
  <testcase name="testGroupCreation" time="3.567" classname="com.example.tests.GroupCreationValid"/>
</testsuite> <!-- com.example.tests.GroupCreationValid -->
