<?xml version="1.0" encoding="UTF-8"?>
<!-- Generated by org.testng.reporters.JUnitReportReporter -->
<testsuite hostname="User-PC" name="com.example.tests.GroupCreation" tests="1" failures="0" timestamp="2 Mar 2014 11:11:36 GMT" time="4.569" errors="0">
  <testcase name="testGroupCreation" time="4.569" classname="com.example.tests.GroupCreation"/>
</testsuite> <!-- com.example.tests.GroupCreation -->
