<?xml version="1.0" encoding="UTF-8"?>
<!-- Generated by org.testng.reporters.JUnitReportReporter -->
<testsuite hostname="User-PC" name="com.example.tests.EmptyContactCreation" tests="1" failures="0" timestamp="2 Mar 2014 11:11:36 GMT" time="1.660" errors="0">
  <testcase name="testContactCreation" time="1.660" classname="com.example.tests.EmptyContactCreation"/>
</testsuite> <!-- com.example.tests.EmptyContactCreation -->
