<?xml version="1.0" encoding="UTF-8"?>
<!-- Generated by org.testng.reporters.JUnitReportReporter -->
<testsuite hostname="User-PC" name="com.example.tests.GroupRemoval" tests="1" failures="0" timestamp="25 Mar 2014 19:18:01 GMT" time="35.116" errors="0">
  <testcase name="deleteSomeGroup" time="35.116" classname="com.example.tests.GroupRemoval"/>
</testsuite> <!-- com.example.tests.GroupRemoval -->
