<?xml version="1.0" encoding="UTF-8"?>
<!-- Generated by org.testng.reporters.JUnitReportReporter -->
<testsuite hostname="User-PC" name="com.example.tests.ContactCreationValid" tests="3" failures="0" timestamp="23 Apr 2014 20:02:29 GMT" time="27.239" errors="0">
  <testcase name="testContactCreation" time="3.954" classname="com.example.tests.ContactCreationValid"/>
  <testcase name="testContactCreation" time="3.947" classname="com.example.tests.ContactCreationValid"/>
  <testcase name="testContactCreation" time="19.338" classname="com.example.tests.ContactCreationValid"/>
</testsuite> <!-- com.example.tests.ContactCreationValid -->
